2020-02-24 14:30:10,512 [ WARNING] 32 out of 105 paths are not unique:
   sub-an041/sub-an041_ses-20140823_behavior+ophys.nwb: ['Chen_2017/an041_2014-08-23_2.nwb', 'Chen_2017/an041_2014-08-23_21.nwb', 'Chen_2017/an041_2014-08-23_20.nwb']
   sub-an041/sub-an041_ses-20140825_behavior+ophys.nwb: ['Chen_2017/an041_2014-08-25_14.nwb', 'Chen_2017/an041_2014-08-25_5.nwb', 'Chen_2017/an041_2014-08-25_4.nwb']
   sub-an041/sub-an041_ses-20140826_behavior+ophys.nwb: ['Chen_2017/an041_2014-08-26_1.nwb', 'Chen_2017/an041_2014-08-26_12.nwb', 'Chen_2017/an041_2014-08-26_13.nwb', 'Chen_2017/an041_2014-08-26_15.nwb', 'Chen_2017/an041_2014-08-26_22.nwb']
   sub-an041/sub-an041_ses-20140827_behavior+ophys.nwb: ['Chen_2017/an041_2014-08-27_10.nwb', 'Chen_2017/an041_2014-08-27_11.nwb', 'Chen_2017/an041_2014-08-27_3.nwb', 'Chen_2017/an041_2014-08-27_7.nwb']
   sub-an041/sub-an041_ses-20140903_behavior+ophys.nwb: ['Chen_2017/an041_2014-09-03_16.nwb', 'Chen_2017/an041_2014-09-03_17.nwb', 'Chen_2017/an041_2014-09-03_18.nwb', 'Chen_2017/an041_2014-09-03_6.nwb', 'Chen_2017/an041_2014-09-03_19.nwb', 'Chen_2017/an041_2014-09-03_8.nwb']
   sub-an043/sub-an043_ses-20140904_behavior+ophys.nwb: ['Chen_2017/an043_2014-09-04_6.nwb', 'Chen_2017/an043_2014-09-04_8.nwb']
   sub-an043/sub-an043_ses-20140908_behavior+ophys.nwb: ['Chen_2017/an043_2014-09-08_2.nwb', 'Chen_2017/an043_2014-09-08_3.nwb', 'Chen_2017/an043_2014-09-08_5.nwb']
   sub-an043/sub-an043_ses-20140909_behavior+ophys.nwb: ['Chen_2017/an043_2014-09-09_1.nwb', 'Chen_2017/an043_2014-09-09_4.nwb', 'Chen_2017/an043_2014-09-09_7.nwb', 'Chen_2017/an043_2014-09-09_9.nwb']
   sub-an044/sub-an044_ses-20140915_behavior+ophys.nwb: ['Chen_2017/an044_2014-09-15_14.nwb', 'Chen_2017/an044_2014-09-15_2.nwb']
   sub-an044/sub-an044_ses-20140921_behavior+ophys.nwb: ['Chen_2017/an044_2014-09-21_10.nwb', 'Chen_2017/an044_2014-09-21_13.nwb']
   sub-an044/sub-an044_ses-20140922_behavior+ophys.nwb: ['Chen_2017/an044_2014-09-22_17.nwb', 'Chen_2017/an044_2014-09-22_22.nwb', 'Chen_2017/an044_2014-09-22_7.nwb']
   sub-an044/sub-an044_ses-20140923_behavior+ophys.nwb: ['Chen_2017/an044_2014-09-23_21.nwb', 'Chen_2017/an044_2014-09-23_27.nwb', 'Chen_2017/an044_2014-09-23_3.nwb']
   sub-an044/sub-an044_ses-20140925_behavior+ophys.nwb: ['Chen_2017/an044_2014-09-25_16.nwb', 'Chen_2017/an044_2014-09-25_24.nwb']
   sub-an044/sub-an044_ses-20140929_behavior+ophys.nwb: ['Chen_2017/an044_2014-09-29_1.nwb', 'Chen_2017/an044_2014-09-29_6.nwb', 'Chen_2017/an044_2014-09-29_23.nwb']
   sub-an044/sub-an044_ses-20140930_behavior+ophys.nwb: ['Chen_2017/an044_2014-09-30_25.nwb', 'Chen_2017/an044_2014-09-30_26.nwb', 'Chen_2017/an044_2014-09-30_4.nwb', 'Chen_2017/an044_2014-09-30_5.nwb']
   sub-an044/sub-an044_ses-20141006_behavior+ophys.nwb: ['Chen_2017/an044_2014-10-06_18.nwb', 'Chen_2017/an044_2014-10-06_20.nwb', 'Chen_2017/an044_2014-10-06_9.nwb']
   sub-an044/sub-an044_ses-20141008_behavior+ophys.nwb: ['Chen_2017/an044_2014-10-08_11.nwb', 'Chen_2017/an044_2014-10-08_12.nwb', 'Chen_2017/an044_2014-10-08_15.nwb']
   sub-an044/sub-an044_ses-20141009_behavior+ophys.nwb: ['Chen_2017/an044_2014-10-09_19.nwb', 'Chen_2017/an044_2014-10-09_8.nwb']
   sub-an063/sub-an063_ses-20150202_behavior+ophys.nwb: ['Chen_2017/an063_2015-02-02_12.nwb', 'Chen_2017/an063_2015-02-02_18.nwb', 'Chen_2017/an063_2015-02-02_20.nwb']
   sub-an063/sub-an063_ses-20150203_behavior+ophys.nwb: ['Chen_2017/an063_2015-02-03_11.nwb', 'Chen_2017/an063_2015-02-03_16.nwb', 'Chen_2017/an063_2015-02-03_5.nwb']
   sub-an063/sub-an063_ses-20150204_behavior+ophys.nwb: ['Chen_2017/an063_2015-02-04_19.nwb', 'Chen_2017/an063_2015-02-04_2.nwb']
   sub-an063/sub-an063_ses-20150206_behavior+ophys.nwb: ['Chen_2017/an063_2015-02-06_13.nwb', 'Chen_2017/an063_2015-02-06_17.nwb', 'Chen_2017/an063_2015-02-06_6.nwb', 'Chen_2017/an063_2015-02-06_7.nwb']
   sub-an063/sub-an063_ses-20150209_behavior+ophys.nwb: ['Chen_2017/an063_2015-02-09_1.nwb', 'Chen_2017/an063_2015-02-09_10.nwb', 'Chen_2017/an063_2015-02-09_3.nwb', 'Chen_2017/an063_2015-02-09_9.nwb']
   sub-an063/sub-an063_ses-20150212_behavior+ophys.nwb: ['Chen_2017/an063_2015-02-12_14.nwb', 'Chen_2017/an063_2015-02-12_15.nwb', 'Chen_2017/an063_2015-02-12_4.nwb', 'Chen_2017/an063_2015-02-12_8.nwb']
   sub-an064/sub-an064_ses-20150210_behavior+ophys.nwb: ['Chen_2017/an064_2015-02-10_15.nwb', 'Chen_2017/an064_2015-02-10_7.nwb']
   sub-an064/sub-an064_ses-20150211_behavior+ophys.nwb: ['Chen_2017/an064_2015-02-11_11.nwb', 'Chen_2017/an064_2015-02-11_2.nwb', 'Chen_2017/an064_2015-02-11_3.nwb']
   sub-an064/sub-an064_ses-20150214_behavior+ophys.nwb: ['Chen_2017/an064_2015-02-14_13.nwb', 'Chen_2017/an064_2015-02-14_14.nwb', 'Chen_2017/an064_2015-02-14_6.nwb', 'Chen_2017/an064_2015-02-14_8.nwb']
   sub-an064/sub-an064_ses-20150215_behavior+ophys.nwb: ['Chen_2017/an064_2015-02-15_10.nwb', 'Chen_2017/an064_2015-02-15_18.nwb', 'Chen_2017/an064_2015-02-15_19.nwb', 'Chen_2017/an064_2015-02-15_5.nwb', 'Chen_2017/an064_2015-02-15_9.nwb']
   sub-an064/sub-an064_ses-20150217_behavior+ophys.nwb: ['Chen_2017/an064_2015-02-17_12.nwb', 'Chen_2017/an064_2015-02-17_16.nwb', 'Chen_2017/an064_2015-02-17_17.nwb']
   sub-an064/sub-an064_ses-20150219_behavior+ophys.nwb: ['Chen_2017/an064_2015-02-19_1.nwb', 'Chen_2017/an064_2015-02-19_20.nwb', 'Chen_2017/an064_2015-02-19_4.nwb']
   sub-an066/sub-an066_ses-20150206_behavior+ophys.nwb: ['Chen_2017/an066_2015-02-06_1.nwb', 'Chen_2017/an066_2015-02-06_3.nwb', 'Chen_2017/an066_2015-02-06_5.nwb', 'Chen_2017/an066_2015-02-06_6.nwb']
   sub-an066/sub-an066_ses-20150211_behavior+ophys.nwb: ['Chen_2017/an066_2015-02-11_4.nwb', 'Chen_2017/an066_2015-02-11_7.nwb']
2020-02-24 14:30:10,520 [    INFO] Finished processing 105 paths (0 invalid skipped) with 32 having duplicates. Visit organized/svoboda-Chen_2017
