2020-02-24 14:30:54,201 [ WARNING] subject_id is missing for Yu-Gutnisky_2016/exported_nwb2.0/anm184389_2013-02-07_ANM184389_20130207.nwb
2020-02-24 14:30:54,204 [ WARNING] 1 out of 148 files were found not containing all necessary metadata: Yu-Gutnisky_2016/exported_nwb2.0/anm184389_2013-02-07_ANM184389_20130207.nwb They will be skipped
2020-02-24 14:30:54,362 [ WARNING] 31 out of 147 paths are not unique:
   sub-anm220470/sub-anm220470_ses-20140409_behavior+icephys+ogen.nwb: ['Yu-Gutnisky_2016/exported_nwb2.0/anm220470_2014-04-09_JY1045AAAA.nwb', 'Yu-Gutnisky_2016/exported_nwb2.0/anm220470_2014-04-09_JY1046AAAA.nwb']
   sub-anm231235/sub-anm231235_ses-20140129_behavior+icephys+ogen.nwb: ['Yu-Gutnisky_2016/exported_nwb2.0/anm231235_2014-01-29_JY0947AAAA.nwb', 'Yu-Gutnisky_2016/exported_nwb2.0/anm231235_2014-01-29_JY0950AAAA.nwb']
   sub-anm244024/sub-anm244024_ses-20141112_behavior+icephys+ogen.nwb: ['Yu-Gutnisky_2016/exported_nwb2.0/anm244024_2014-11-12_JY1305AAAA.nwb', 'Yu-Gutnisky_2016/exported_nwb2.0/anm244024_2014-11-12_JY1307AAAA.nwb', 'Yu-Gutnisky_2016/exported_nwb2.0/anm244024_2014-11-12_JY1311AAAA.nwb', 'Yu-Gutnisky_2016/exported_nwb2.0/anm244024_2014-11-12_JY1312AAAA.nwb']
   sub-anm244024/sub-anm244024_ses-20141201_behavior+icephys+ogen.nwb: ['Yu-Gutnisky_2016/exported_nwb2.0/anm244024_2014-12-01_JY1356AAAA.nwb', 'Yu-Gutnisky_2016/exported_nwb2.0/anm244024_2014-12-01_JY1357AAAA.nwb']
   sub-anm244025/sub-anm244025_ses-20141024_behavior+icephys+ogen.nwb: ['Yu-Gutnisky_2016/exported_nwb2.0/anm244025_2014-10-24_JY1263AAAA.nwb', 'Yu-Gutnisky_2016/exported_nwb2.0/anm244025_2014-10-24_JY1265AAAA.nwb', 'Yu-Gutnisky_2016/exported_nwb2.0/anm244025_2014-10-24_JY1268AAAA.nwb']
   sub-anm244025/sub-anm244025_ses-20141026_behavior+icephys+ogen.nwb: ['Yu-Gutnisky_2016/exported_nwb2.0/anm244025_2014-10-26_JY1278AAAA.nwb', 'Yu-Gutnisky_2016/exported_nwb2.0/anm244025_2014-10-26_JY1279AAAA.nwb']
   sub-anm244028/sub-anm244028_ses-20141021_behavior+icephys+ogen.nwb: ['Yu-Gutnisky_2016/exported_nwb2.0/anm244028_2014-10-21_JY1241AAAA.nwb', 'Yu-Gutnisky_2016/exported_nwb2.0/anm244028_2014-10-21_JY1243AAAA.nwb', 'Yu-Gutnisky_2016/exported_nwb2.0/anm244028_2014-10-21_JY1246AAAA.nwb']
   sub-anm244028/sub-anm244028_ses-20141022_behavior+icephys+ogen.nwb: ['Yu-Gutnisky_2016/exported_nwb2.0/anm244028_2014-10-22_JY1247AAAB.nwb', 'Yu-Gutnisky_2016/exported_nwb2.0/anm244028_2014-10-22_JY1251AAAA.nwb']
   sub-anm260070/sub-anm260070_ses-20150217_behavior+icephys+ogen.nwb: ['Yu-Gutnisky_2016/exported_nwb2.0/anm260070_2015-02-17_JY1458AAAA.nwb', 'Yu-Gutnisky_2016/exported_nwb2.0/anm260070_2015-02-17_JY1460AAAA.nwb']
   sub-anm260070/sub-anm260070_ses-20150218_behavior+icephys+ogen.nwb: ['Yu-Gutnisky_2016/exported_nwb2.0/anm260070_2015-02-18_JY1464AAAA.nwb', 'Yu-Gutnisky_2016/exported_nwb2.0/anm260070_2015-02-18_JY1465AAAA.nwb']
   sub-anm260070/sub-anm260070_ses-20150219_behavior+icephys+ogen.nwb: ['Yu-Gutnisky_2016/exported_nwb2.0/anm260070_2015-02-19_JY1469AAAA.nwb', 'Yu-Gutnisky_2016/exported_nwb2.0/anm260070_2015-02-19_JY1474AAAA.nwb']
   sub-anm260070/sub-anm260070_ses-20150223_behavior+icephys+ogen.nwb: ['Yu-Gutnisky_2016/exported_nwb2.0/anm260070_2015-02-23_JY1527AAAA.nwb', 'Yu-Gutnisky_2016/exported_nwb2.0/anm260070_2015-02-23_JY1528AAAA.nwb']
   sub-anm260077/sub-anm260077_ses-20150301_behavior+icephys+ogen.nwb: ['Yu-Gutnisky_2016/exported_nwb2.0/anm260077_2015-03-01_JY1579AAAA.nwb', 'Yu-Gutnisky_2016/exported_nwb2.0/anm260077_2015-03-01_JY1584AAAA.nwb']
   sub-anm266945/sub-anm266945_ses-20141219_behavior+icephys+ogen.nwb: ['Yu-Gutnisky_2016/exported_nwb2.0/anm266945_2014-12-19_JY1394AAAA.nwb', 'Yu-Gutnisky_2016/exported_nwb2.0/anm266945_2014-12-19_JY1397AAAA.nwb']
   sub-anm266945/sub-anm266945_ses-20141220_behavior+icephys+ogen.nwb: ['Yu-Gutnisky_2016/exported_nwb2.0/anm266945_2014-12-20_JY1406AAAA.nwb', 'Yu-Gutnisky_2016/exported_nwb2.0/anm266945_2014-12-20_JY1409AAAA.nwb', 'Yu-Gutnisky_2016/exported_nwb2.0/anm266945_2014-12-20_JY1410AAAA.nwb']
   sub-anm266945/sub-anm266945_ses-20141221_behavior+icephys+ogen.nwb: ['Yu-Gutnisky_2016/exported_nwb2.0/anm266945_2014-12-21_JY1416AAAA.nwb', 'Yu-Gutnisky_2016/exported_nwb2.0/anm266945_2014-12-21_JY1417AAAB.nwb', 'Yu-Gutnisky_2016/exported_nwb2.0/anm266945_2014-12-21_JY1419AAAA.nwb', 'Yu-Gutnisky_2016/exported_nwb2.0/anm266945_2014-12-21_JY1418AAAA.nwb']
   sub-anm266945/sub-anm266945_ses-20141222_behavior+icephys+ogen.nwb: ['Yu-Gutnisky_2016/exported_nwb2.0/anm266945_2014-12-22_JY1422AAAA.nwb', 'Yu-Gutnisky_2016/exported_nwb2.0/anm266945_2014-12-22_JY1433AAAA.nwb']
   sub-anm273347/sub-anm273347_ses-20150224_behavior+icephys+ogen.nwb: ['Yu-Gutnisky_2016/exported_nwb2.0/anm273347_2015-02-24_JY1535AAAA.nwb', 'Yu-Gutnisky_2016/exported_nwb2.0/anm273347_2015-02-24_JY1540AAAA.nwb']
   sub-anm273348/sub-anm273348_ses-20150226_behavior+icephys+ogen.nwb: ['Yu-Gutnisky_2016/exported_nwb2.0/anm273348_2015-02-26_JY1557AAAA.nwb', 'Yu-Gutnisky_2016/exported_nwb2.0/anm273348_2015-02-26_JY1559AAAA.nwb', 'Yu-Gutnisky_2016/exported_nwb2.0/anm273348_2015-02-26_JY1560AAAA.nwb']
   sub-anm275231/sub-anm275231_ses-20150303_behavior+icephys+ogen.nwb: ['Yu-Gutnisky_2016/exported_nwb2.0/anm275231_2015-03-03_JY1589AAAA.nwb', 'Yu-Gutnisky_2016/exported_nwb2.0/anm275231_2015-03-03_JY1591AAAA.nwb']
   sub-anm281592/sub-anm281592_ses-20150308_behavior+icephys+ogen.nwb: ['Yu-Gutnisky_2016/exported_nwb2.0/anm281592_2015-03-08_JY1633AAAA.nwb', 'Yu-Gutnisky_2016/exported_nwb2.0/anm281592_2015-03-08_JY1636AAAA.nwb']
   sub-anm300169/sub-anm300169_ses-20150926_behavior+icephys+ogen.nwb: ['Yu-Gutnisky_2016/exported_nwb2.0/anm300169_2015-09-26_Exp_2015-09-26_006_0042-0082.nwb', 'Yu-Gutnisky_2016/exported_nwb2.0/anm300169_2015-09-26_Exp_2015-09-26_007_0001-0092.nwb']
   sub-anm300170/sub-anm300170_ses-20150918_behavior+icephys+ogen.nwb: ['Yu-Gutnisky_2016/exported_nwb2.0/anm300170_2015-09-18_Exp_2015-09-18_010_0001-0046.nwb', 'Yu-Gutnisky_2016/exported_nwb2.0/anm300170_2015-09-18_Exp_2015-09-18_011_0001-0102.nwb']
   sub-anm300171/sub-anm300171_ses-20150827_behavior+icephys+ogen.nwb: ['Yu-Gutnisky_2016/exported_nwb2.0/anm300171_2015-08-27_Exp_2015-08-27_002_0001-0078.nwb', 'Yu-Gutnisky_2016/exported_nwb2.0/anm300171_2015-08-27_Exp_2015-08-27_004_0001-0074.nwb']
   sub-anm300171/sub-anm300171_ses-20150828_behavior+icephys+ogen.nwb: ['Yu-Gutnisky_2016/exported_nwb2.0/anm300171_2015-08-28_Exp_2015-08-28_003_0001-0105.nwb', 'Yu-Gutnisky_2016/exported_nwb2.0/anm300171_2015-08-28_Exp_2015-08-28_009_0001-0057.nwb']
   sub-anm300172/sub-anm300172_ses-20150904_behavior+icephys+ogen.nwb: ['Yu-Gutnisky_2016/exported_nwb2.0/anm300172_2015-09-04_Exp_2015-09-04_001_0001-0081.nwb', 'Yu-Gutnisky_2016/exported_nwb2.0/anm300172_2015-09-04_Exp_2015-09-04_006_0001-0061.nwb']
   sub-anm300172/sub-anm300172_ses-20150905_behavior+icephys+ogen.nwb: ['Yu-Gutnisky_2016/exported_nwb2.0/anm300172_2015-09-05_Exp_2015-09-05_001_0001-0162.nwb', 'Yu-Gutnisky_2016/exported_nwb2.0/anm300172_2015-09-05_Exp_2015-09-05_007_0001-0094.nwb']
   sub-anm300172/sub-anm300172_ses-20150908_behavior+icephys+ogen.nwb: ['Yu-Gutnisky_2016/exported_nwb2.0/anm300172_2015-09-08_Exp_2015-09-08_002_0001-0069.nwb', 'Yu-Gutnisky_2016/exported_nwb2.0/anm300172_2015-09-08_Exp_2015-09-08_004_0001-0076.nwb']
   sub-anm318530/sub-anm318530_ses-20151127_behavior+icephys+ogen.nwb: ['Yu-Gutnisky_2016/exported_nwb2.0/anm318530_2015-11-27_Exp_2015-11-27_002_0001-0082.nwb', 'Yu-Gutnisky_2016/exported_nwb2.0/anm318530_2015-11-27_Exp_2015-11-27_003_0001-0033.nwb', 'Yu-Gutnisky_2016/exported_nwb2.0/anm318530_2015-11-27_Exp_2015-11-27_008_0001-0087.nwb', 'Yu-Gutnisky_2016/exported_nwb2.0/anm318530_2015-11-27_Exp_2015-11-27_009_0001-0069.nwb']
   sub-anm318531/sub-anm318531_ses-20151230_behavior+icephys+ogen.nwb: ['Yu-Gutnisky_2016/exported_nwb2.0/anm318531_2015-12-30_Exp_2015-12-30_007_0001-0110.nwb', 'Yu-Gutnisky_2016/exported_nwb2.0/anm318531_2015-12-30_Exp_2015-12-30_010_0001-0067.nwb']
   sub-anm318532/sub-anm318532_ses-20151125_behavior+icephys+ogen.nwb: ['Yu-Gutnisky_2016/exported_nwb2.0/anm318532_2015-11-25_Exp_2015-11-25_001_0001-0027.nwb', 'Yu-Gutnisky_2016/exported_nwb2.0/anm318532_2015-11-25_Exp_2015-11-25_006_0001-0066.nwb', 'Yu-Gutnisky_2016/exported_nwb2.0/anm318532_2015-11-25_Exp_2015-11-25_008_0002-0050.nwb', 'Yu-Gutnisky_2016/exported_nwb2.0/anm318532_2015-11-25_Exp_2015-11-25_009_0001-0071.nwb', 'Yu-Gutnisky_2016/exported_nwb2.0/anm318532_2015-11-25_Exp_2015-11-25_010_0001-0131.nwb']
2020-02-24 14:30:54,375 [    INFO] Finished processing 147 paths (1 invalid skipped) with 31 having duplicates. Visit organized/svoboda-Yu-Gutnisky_2016
